This is XeTeX, Version 3.141592653-2.6-0.999993 (MiKTeX 21.2) (preloaded format=xelatex 2021.5.24)  24 MAY 2021 12:37
entering extended mode
**./cv_xmgbautista.tex
(cv_xmgbautista.tex
LaTeX2e <2020-10-01> patch level 4
L3 programming layer <2021-02-18> xparse <2020-03-03>
(C:\Users\xmgba\AppData\Local\Programs\MiKTeX 2.9\tex/latex/base\article.cls
Document Class: article 2020/04/10 v1.4m Standard LaTeX document class
(C:\Users\xmgba\AppData\Local\Programs\MiKTeX 2.9\tex/latex/base\size10.clo
File: size10.clo 2020/04/10 v1.4m Standard LaTeX file (size option)
)
\c@part=\count175
\c@section=\count176
\c@subsection=\count177
\c@subsubsection=\count178
\c@paragraph=\count179
\c@subparagraph=\count180
\c@figure=\count181
\c@table=\count182
\abovecaptionskip=\skip47
\belowcaptionskip=\skip48
\bibindent=\dimen138
)
(C:\Users\xmgba\AppData\Local\Programs\MiKTeX 2.9\tex/latex/geometry\geometry.s
ty
Package: geometry 2020/01/02 v5.9 Page Geometry

(C:\Users\xmgba\AppData\Local\Programs\MiKTeX 2.9\tex/latex/graphics\keyval.sty
Package: keyval 2014/10/28 v1.15 key=value parser (DPC)
\KV@toks@=\toks15
)
(C:\Users\xmgba\AppData\Local\Programs\MiKTeX 2.9\tex/generic/iftex\ifvtex.sty
Package: ifvtex 2019/10/25 v1.7 ifvtex legacy package. Use iftex instead.

(C:\Users\xmgba\AppData\Local\Programs\MiKTeX 2.9\tex/generic/iftex\iftex.sty
Package: iftex 2020/03/06 v1.0d TeX engine tests
))
\Gm@cnth=\count183
\Gm@cntv=\count184
\c@Gm@tempcnt=\count185
\Gm@bindingoffset=\dimen139
\Gm@wd@mp=\dimen140
\Gm@odd@mp=\dimen141
\Gm@even@mp=\dimen142
\Gm@layoutwidth=\dimen143
\Gm@layoutheight=\dimen144
\Gm@layouthoffset=\dimen145
\Gm@layoutvoffset=\dimen146
\Gm@dimlist=\toks16

(C:\Users\xmgba\AppData\Local\Programs\MiKTeX 2.9\tex/xelatex/xetexconfig\geome
try.cfg))
(C:\Users\xmgba\AppData\Local\Programs\MiKTeX 2.9\tex/latex/marvosym\marvosym.s
ty
Package: marvosym 2011/07/20 v2.2 Martin Vogel's Symbols font definitions
)
(C:\Users\xmgba\AppData\Local\Programs\MiKTeX 2.9\tex/latex/fontspec\fontspec.s
ty
(C:\Users\xmgba\AppData\Local\Programs\MiKTeX 2.9\tex/latex/l3packages/xparse\x
parse.sty
(C:\Users\xmgba\AppData\Local\Programs\MiKTeX 2.9\tex/latex/l3kernel\expl3.sty
Package: expl3 2021-02-18 L3 programming layer (loader) 

(C:\Users\xmgba\AppData\Local\Programs\MiKTeX 2.9\tex/latex/l3backend\l3backend
-xetex.def
File: l3backend-xetex.def 2021-02-18 L3 backend support: XeTeX
 ()
\c__kernel_sys_dvipdfmx_version_int=\count186
\l__color_backend_stack_int=\count187
\g__color_backend_stack_int=\count188
\g__graphics_track_int=\count189
\l__pdf_internal_box=\box47
\g__pdf_backend_object_int=\count190
\g__pdf_backend_annotation_int=\count191
\g__pdf_backend_link_int=\count192
))
Package: xparse 2020-10-27 L3 Experimental document command parser

(C:\Users\xmgba\AppData\Local\Programs\MiKTeX 2.9\tex/latex/l3packages/xparse\x
parse-generic.tex))
Package: fontspec 2020/02/21 v2.7i Font selection for XeLaTeX and LuaLaTeX

(C:\Users\xmgba\AppData\Local\Programs\MiKTeX 2.9\tex/latex/fontspec\fontspec-x
etex.sty
Package: fontspec-xetex 2020/02/21 v2.7i Font selection for XeLaTeX and LuaLaTe
X
\l__fontspec_script_int=\count193
\l__fontspec_language_int=\count194
\l__fontspec_strnum_int=\count195
\l__fontspec_tmp_int=\count196
\l__fontspec_tmpa_int=\count197
\l__fontspec_tmpb_int=\count198
\l__fontspec_tmpc_int=\count199
\l__fontspec_em_int=\count266
\l__fontspec_emdef_int=\count267
\l__fontspec_strong_int=\count268
\l__fontspec_strongdef_int=\count269
\l__fontspec_tmpa_dim=\dimen147
\l__fontspec_tmpb_dim=\dimen148
\l__fontspec_tmpc_dim=\dimen149

(C:\Users\xmgba\AppData\Local\Programs\MiKTeX 2.9\tex/latex/base\fontenc.sty
Package: fontenc 2020/08/10 v2.0s Standard LaTeX package
)
(C:\Users\xmgba\AppData\Local\Programs\MiKTeX 2.9\tex/latex/fontspec\fontspec.c
fg)))
(C:\Users\xmgba\AppData\Local\Programs\MiKTeX 2.9\tex/xelatex/xunicode\xunicode
.sty
File: xunicode.sty 2011/09/09 v0.981 provides access to latin accents and many 
other characters in Unicode lower plane
 (C:\Users\xmgba\AppData\Local\Programs\MiKTeX 2.9\tex/latex/tipa\t3enc.def
File: t3enc.def 2001/12/31 T3 encoding
)
\tipaTiiicode=\count270
\tipasavetokens=\toks17
\tipachecktokens=\toks18

(C:\Users\xmgba\AppData\Local\Programs\MiKTeX 2.9\tex/latex/graphics\graphicx.s
ty
Package: graphicx 2020/09/09 v1.2b Enhanced LaTeX Graphics (DPC,SPQR)

(C:\Users\xmgba\AppData\Local\Programs\MiKTeX 2.9\tex/latex/graphics\graphics.s
ty
Package: graphics 2020/08/30 v1.4c Standard LaTeX Graphics (DPC,SPQR)

(C:\Users\xmgba\AppData\Local\Programs\MiKTeX 2.9\tex/latex/graphics\trig.sty
Package: trig 2016/01/03 v1.10 sin cos tan (DPC)
)
(C:\Users\xmgba\AppData\Local\Programs\MiKTeX 2.9\tex/latex/graphics-cfg\graphi
cs.cfg
File: graphics.cfg 2016/06/04 v1.11 sample graphics configuration
)
Package graphics Info: Driver file: xetex.def on input line 105.

(C:\Users\xmgba\AppData\Local\Programs\MiKTeX 2.9\tex/latex/graphics-def\xetex.
def
File: xetex.def 2020/08/26 v5.0i Graphics/color driver for xetex
))
\Gin@req@height=\dimen150
\Gin@req@width=\dimen151
))
(C:\Users\xmgba\AppData\Local\Programs\MiKTeX 2.9\tex/latex/xltxtra\xltxtra.sty
Package: xltxtra 2018/12/31 v0.7 Improvements for the "XeLaTeX" format

(C:\Users\xmgba\AppData\Local\Programs\MiKTeX 2.9\tex/generic/iftex\ifluatex.st
y
Package: ifluatex 2019/10/25 v1.5 ifluatex legacy package. Use iftex instead.
)
(C:\Users\xmgba\AppData\Local\Programs\MiKTeX 2.9\tex/generic/iftex\ifxetex.sty
Package: ifxetex 2019/10/25 v0.7 ifxetex legacy package. Use iftex instead.
)
(C:\Users\xmgba\AppData\Local\Programs\MiKTeX 2.9\tex/latex/realscripts\realscr
ipts.sty
Package: realscripts 2016/02/13 v0.3d Access OpenType subscripts and superscrip
ts
\subsupersep=\dimen152
)
(C:\Users\xmgba\AppData\Local\Programs\MiKTeX 2.9\tex/latex/metalogo\metalogo.s
ty
Package: metalogo 2010/05/29 v0.12 Extended TeX logo macros
\xl@everylogo=\toks19
\xl@@everylogo=\toks20
LaTeX Info: Redefining \TeX on input line 193.
LaTeX Info: Redefining \LaTeX on input line 202.
LaTeX Info: Redefining \LaTeXe on input line 219.
)
\l__xetex_show_hyphens_wrapping_box=\box48
\l__xetex_show_hyphens_temp_box=\box49
\l__xetex_show_hyphens_final_box=\box50
\g__xetex_show_hyphens_word_box=\box51
) (C:\Users\xmgba\AppData\Local\Programs\MiKTeX 2.9\tex/latex/url\url.sty
\Urlmuskip=\muskip16
Package: url 2013/09/16  ver 3.4  Verb mode for urls, etc.
)
(C:\Users\xmgba\AppData\Local\Programs\MiKTeX 2.9\tex/latex/parskip\parskip.sty
Package: parskip 2020-06-15 v2.0f non-zero parskip adjustments

(C:\Users\xmgba\AppData\Local\Programs\MiKTeX 2.9\tex/latex/kvoptions\kvoptions
.sty
Package: kvoptions 2020-10-07 v3.14 Key value format for package options (HO)

(C:\Users\xmgba\AppData\Local\Programs\MiKTeX 2.9\tex/generic/ltxcmds\ltxcmds.s
ty
Package: ltxcmds 2020-05-10 v1.25 LaTeX kernel commands for general use (HO)
)
(C:\Users\xmgba\AppData\Local\Programs\MiKTeX 2.9\tex/generic/kvsetkeys\kvsetke
ys.sty
Package: kvsetkeys 2019/12/15 v1.18 Key value parser (HO)
))
(C:\Users\xmgba\AppData\Local\Programs\MiKTeX 2.9\tex/latex/etoolbox\etoolbox.s
ty
Package: etoolbox 2020/10/05 v2.5k e-TeX tools for LaTeX (JAW)
\etb@tempcnta=\count271
))
(C:\Users\xmgba\AppData\Local\Programs\MiKTeX 2.9\tex/latex/graphics\color.sty
Package: color 2020/02/24 v1.2b Standard LaTeX Color (DPC)

(C:\Users\xmgba\AppData\Local\Programs\MiKTeX 2.9\tex/latex/graphics-cfg\color.
cfg
File: color.cfg 2016/01/02 v1.6 sample color configuration
)
Package color Info: Driver file: xetex.def on input line 147.
)
(C:\Users\xmgba\AppData\Local\Programs\MiKTeX 2.9\tex/latex/xcolor\xcolor.sty
Package: xcolor 2016/05/11 v2.12 LaTeX color extensions (UK)

(C:\Users\xmgba\AppData\Local\Programs\MiKTeX 2.9\tex/latex/graphics-cfg\color.
cfg
File: color.cfg 2016/01/02 v1.6 sample color configuration
)
Package xcolor Info: Package option `usenames' ignored on input line 216.
Package xcolor Info: Driver file: xetex.def on input line 225.
LaTeX Info: Redefining \color on input line 709.
Package xcolor Info: Model `cmy' substituted by `cmy0' on input line 1348.
Package xcolor Info: Model `RGB' extended on input line 1364.
Package xcolor Info: Model `HTML' substituted by `rgb' on input line 1366.
Package xcolor Info: Model `Hsb' substituted by `hsb' on input line 1367.
Package xcolor Info: Model `tHsb' substituted by `hsb' on input line 1368.
Package xcolor Info: Model `HSB' substituted by `hsb' on input line 1369.
Package xcolor Info: Model `Gray' substituted by `gray' on input line 1370.
Package xcolor Info: Model `wave' substituted by `hsb' on input line 1371.

(C:\Users\xmgba\AppData\Local\Programs\MiKTeX 2.9\tex/latex/graphics\dvipsnam.d
ef
File: dvipsnam.def 2016/06/17 v3.0m Driver-dependent file (DPC,SPQR)
))
(C:\Users\xmgba\AppData\Local\Programs\MiKTeX 2.9\tex/latex/supertabular\supert
abular.sty
Package: supertabular 2020/02/02 v4.1g the supertabular environment
\c@tracingst=\count272
\ST@wd=\dimen153
\ST@rightskip=\skip49
\ST@leftskip=\skip50
\ST@parfillskip=\skip51
\ST@pageleft=\dimen154
\ST@headht=\dimen155
\ST@tailht=\dimen156
\ST@pagesofar=\dimen157
\ST@pboxht=\dimen158
\ST@lineht=\dimen159
\ST@prevht=\dimen160
\ST@toadd=\dimen161
\ST@dimen=\dimen162
\ST@pbox=\box52
)
(C:\Users\xmgba\AppData\Local\Programs\MiKTeX 2.9\tex/latex/titlesec\titlesec.s
ty
Package: titlesec 2019/10/16 v2.13 Sectioning titles
\ttl@box=\box53
\beforetitleunit=\skip52
\aftertitleunit=\skip53
\ttl@plus=\dimen163
\ttl@minus=\dimen164
\ttl@toksa=\toks21
\titlewidth=\dimen165
\titlewidthlast=\dimen166
\titlewidthfirst=\dimen167
)
(C:\Users\xmgba\AppData\Local\Programs\MiKTeX 2.9\tex/latex/hyperref\hyperref.s
ty
Package: hyperref 2021-02-10 v7.00j Hypertext links for LaTeX

(C:\Users\xmgba\AppData\Local\Programs\MiKTeX 2.9\tex/generic/pdftexcmds\pdftex
cmds.sty
Package: pdftexcmds 2020-06-27 v0.33 Utility functions of pdfTeX for LuaTeX (HO
)

(C:\Users\xmgba\AppData\Local\Programs\MiKTeX 2.9\tex/generic/infwarerr\infware
rr.sty
Package: infwarerr 2019/12/03 v1.5 Providing info/warning/error messages (HO)
)
Package pdftexcmds Info: \pdf@primitive is available.
Package pdftexcmds Info: \pdf@ifprimitive is available.
Package pdftexcmds Info: \pdfdraftmode not found.
)
(C:\Users\xmgba\AppData\Local\Programs\MiKTeX 2.9\tex/generic/kvdefinekeys\kvde
finekeys.sty
Package: kvdefinekeys 2019-12-19 v1.6 Define keys (HO)
)
(C:\Users\xmgba\AppData\Local\Programs\MiKTeX 2.9\tex/generic/pdfescape\pdfesca
pe.sty
Package: pdfescape 2019/12/09 v1.15 Implements pdfTeX's escape features (HO)
)
(C:\Users\xmgba\AppData\Local\Programs\MiKTeX 2.9\tex/latex/hycolor\hycolor.sty
Package: hycolor 2020-01-27 v1.10 Color options for hyperref/bookmark (HO)
)
(C:\Users\xmgba\AppData\Local\Programs\MiKTeX 2.9\tex/latex/letltxmacro\letltxm
acro.sty
Package: letltxmacro 2019/12/03 v1.6 Let assignment for LaTeX macros (HO)
)
(C:\Users\xmgba\AppData\Local\Programs\MiKTeX 2.9\tex/latex/auxhook\auxhook.sty
Package: auxhook 2019-12-17 v1.6 Hooks for auxiliary files (HO)
)
\@linkdim=\dimen168
\Hy@linkcounter=\count273
\Hy@pagecounter=\count274

(C:\Users\xmgba\AppData\Local\Programs\MiKTeX 2.9\tex/latex/hyperref\pd1enc.def
File: pd1enc.def 2021-02-10 v7.00j Hyperref: PDFDocEncoding definition (HO)
)
(C:\Users\xmgba\AppData\Local\Programs\MiKTeX 2.9\tex/latex/hyperref\hyperref-l
angpatches.def
File: hyperref-langpatches.def 2021-02-10 v7.00j Hyperref: patches for babel la
nguages
)
(C:\Users\xmgba\AppData\Local\Programs\MiKTeX 2.9\tex/generic/intcalc\intcalc.s
ty
Package: intcalc 2019/12/15 v1.3 Expandable calculations with integers (HO)
)
(C:\Users\xmgba\AppData\Local\Programs\MiKTeX 2.9\tex/generic/etexcmds\etexcmds
.sty
Package: etexcmds 2019/12/15 v1.7 Avoid name clashes with e-TeX commands (HO)
)
\Hy@SavedSpaceFactor=\count275

(C:\Users\xmgba\AppData\Local\Programs\MiKTeX 2.9\tex/latex/hyperref\puenc.def
File: puenc.def 2021-02-10 v7.00j Hyperref: PDF Unicode definition (HO)

(C:\Users\xmgba\AppData\Local\Programs\MiKTeX 2.9\tex/latex/greek-fontenc\puenc
-greek.def
File: puenc-greek.def 2020/10/18 2.0 Greek LICRs for PDF strings

(C:\Users\xmgba\AppData\Local\Programs\MiKTeX 2.9\tex/latex/greek-fontenc\greek
-fontenc.def
File: greek-fontenc.def 2020/10/30 2.0 Common Greek font encoding definitions
)))
Package hyperref Info: Hyper figures OFF on input line 4192.
Package hyperref Info: Link nesting OFF on input line 4197.
Package hyperref Info: Hyper index ON on input line 4200.
Package hyperref Info: Plain pages OFF on input line 4207.
Package hyperref Info: Backreferencing OFF on input line 4212.
Package hyperref Info: Implicit mode ON; LaTeX internals redefined.
Package hyperref Info: Bookmarks ON on input line 4445.
\c@Hy@tempcnt=\count276
LaTeX Info: Redefining \url on input line 4804.
\XeTeXLinkMargin=\dimen169

(C:\Users\xmgba\AppData\Local\Programs\MiKTeX 2.9\tex/generic/bitset\bitset.sty
Package: bitset 2019/12/09 v1.3 Handle bit-vector datatype (HO)

(C:\Users\xmgba\AppData\Local\Programs\MiKTeX 2.9\tex/generic/bigintcalc\bigint
calc.sty
Package: bigintcalc 2019/12/15 v1.5 Expandable calculations on big integers (HO
)
))
\Fld@menulength=\count277
\Field@Width=\dimen170
\Fld@charsize=\dimen171
Package hyperref Info: Hyper figures OFF on input line 6075.
Package hyperref Info: Link nesting OFF on input line 6080.
Package hyperref Info: Hyper index ON on input line 6083.
Package hyperref Info: backreferencing OFF on input line 6090.
Package hyperref Info: Link coloring OFF on input line 6095.
Package hyperref Info: Link coloring with OCG OFF on input line 6100.
Package hyperref Info: PDF/A mode OFF on input line 6105.
LaTeX Info: Redefining \ref on input line 6145.
LaTeX Info: Redefining \pageref on input line 6149.

(C:\Users\xmgba\AppData\Local\Programs\MiKTeX 2.9\tex/latex/base\atbegshi-ltx.s
ty
Package: atbegshi-ltx 2020/08/17 v1.0a Emulation of the original atbegshi packa
ge
with kernel methods
)
\Hy@abspage=\count278
\c@Item=\count279
\c@Hfootnote=\count280
)
Package hyperref Info: Driver (autodetected): hxetex.

(C:\Users\xmgba\AppData\Local\Programs\MiKTeX 2.9\tex/latex/hyperref\hxetex.def
File: hxetex.def 2021-02-10 v7.00j Hyperref driver for XeTeX

(C:\Users\xmgba\AppData\Local\Programs\MiKTeX 2.9\tex/generic/stringenc\stringe
nc.sty
Package: stringenc 2019/11/29 v1.12 Convert strings between diff. encodings (HO
)
)
\pdfm@box=\box54
\c@Hy@AnnotLevel=\count281
\HyField@AnnotCount=\count282
\Fld@listcount=\count283
\c@bookmark@seq@number=\count284

(C:\Users\xmgba\AppData\Local\Programs\MiKTeX 2.9\tex/latex/rerunfilecheck\reru
nfilecheck.sty
Package: rerunfilecheck 2019/12/05 v1.9 Rerun checks for auxiliary files (HO)

(C:\Users\xmgba\AppData\Local\Programs\MiKTeX 2.9\tex/latex/base\atveryend-ltx.
sty
Package: atveryend-ltx 2020/08/19 v1.0a Emulation of the original atvery packag
e
with kernel methods
)
(C:\Users\xmgba\AppData\Local\Programs\MiKTeX 2.9\tex/generic/uniquecounter\uni
quecounter.sty
Package: uniquecounter 2019/12/15 v1.4 Provide unlimited unique counter (HO)
)
Package uniquecounter Info: New unique counter `rerunfilecheck' on input line 2
86.
)
\Hy@SectionHShift=\skip54
)
Package hyperref Info: Option `colorlinks' set `true' on input line 18.
Package hyperref Info: Option `breaklinks' set `true' on input line 18.

Package fontspec Info: Font family 'Fontin.otf(0)' created for font
(fontspec)             'Fontin.otf' with options
(fontspec)             [Mapping=tex-text,Ligatures=TeX,SmallCapsFont =
(fontspec)             Fontin-SmallCaps.otf,BoldFont =
(fontspec)             Fontin-Bold.otf,ItalicFont = Fontin-Italic.otf].
(fontspec)              
(fontspec)              This font family consists of the following NFSS
(fontspec)             series/shapes:
(fontspec)              
(fontspec)             - 'normal' (m/n) with NFSS spec.:
(fontspec)             <->"[Fontin.otf]/OT:language=dflt;mapping=tex-text;"
(fontspec)             - 'small caps'  (m/sc) with NFSS spec.:
(fontspec)             <->"[Fontin-SmallCaps.otf]/OT:language=dflt;mapping=tex-
text;"
(fontspec)             - 'bold' (b/n) with NFSS spec.:
(fontspec)             <->"[Fontin-Bold.otf]/OT:language=dflt;mapping=tex-text;
"
(fontspec)             - 'bold small caps'  (b/sc) with NFSS spec.:
(fontspec)             <->"[Fontin-SmallCaps.otf]/OT:language=dflt;mapping=tex-
text;"
(fontspec)             - 'italic' (m/it) with NFSS spec.:
(fontspec)             <->"[Fontin-Italic.otf]/OT:language=dflt;mapping=tex-tex
t;"
(fontspec)             - 'italic small caps'  (m/scit) with NFSS spec.:
(fontspec)             <->"[Fontin-SmallCaps.otf]/OT:language=dflt;mapping=tex-
text;"


(C:\Users\xmgba\AppData\Local\Programs\MiKTeX 2.9\tex/latex/textpos\textpos.sty
Package: textpos 2020/09/26 v1.10
Package: textpos 2020/09/26 1.10, absolute positioning of text on the page
Package textpos Info: choosing support for LaTeX3 on input line 61.
\TP@textbox=\box55
\TP@holdbox=\box56
\TPHorizModule=\dimen172
\TPVertModule=\dimen173
\TP@margin=\dimen174
\TP@absmargin=\dimen175
Grid set 16 x 16 = 38.39343pt x 49.68562pt
\TPboxrulesize=\dimen176
\TP@ox=\dimen177
\TP@oy=\dimen178
\TP@tbargs=\toks22
TextBlockOrigin set to 0pt x 0pt
)
TextBlockOrigin set to 2mm x 0.65\paperheight 
(cv_xmgbautista.aux)
\openout1 = `cv_xmgbautista.aux'.

LaTeX Font Info:    Checking defaults for OML/cmm/m/it on input line 51.
LaTeX Font Info:    ... okay on input line 51.
LaTeX Font Info:    Checking defaults for OMS/cmsy/m/n on input line 51.
LaTeX Font Info:    ... okay on input line 51.
LaTeX Font Info:    Checking defaults for OT1/cmr/m/n on input line 51.
LaTeX Font Info:    ... okay on input line 51.
LaTeX Font Info:    Checking defaults for T1/cmr/m/n on input line 51.
LaTeX Font Info:    ... okay on input line 51.
LaTeX Font Info:    Checking defaults for TS1/cmr/m/n on input line 51.
LaTeX Font Info:    Trying to load font information for TS1+cmr on input line 5
1.

(C:\Users\xmgba\AppData\Local\Programs\MiKTeX 2.9\tex/latex/base\ts1cmr.fd
File: ts1cmr.fd 2019/12/16 v2.5j Standard LaTeX font definitions
)
LaTeX Font Info:    ... okay on input line 51.
LaTeX Font Info:    Checking defaults for TU/lmr/m/n on input line 51.
LaTeX Font Info:    ... okay on input line 51.
LaTeX Font Info:    Checking defaults for OMX/cmex/m/n on input line 51.
LaTeX Font Info:    ... okay on input line 51.
LaTeX Font Info:    Checking defaults for U/cmr/m/n on input line 51.
LaTeX Font Info:    ... okay on input line 51.
LaTeX Font Info:    Checking defaults for T3/cmr/m/n on input line 51.
LaTeX Font Info:    Trying to load font information for T3+cmr on input line 51
.

(C:\Users\xmgba\AppData\Local\Programs\MiKTeX 2.9\tex/latex/tipa\t3cmr.fd
File: t3cmr.fd 2001/12/31 TIPA font definitions
)
LaTeX Font Info:    ... okay on input line 51.
LaTeX Font Info:    Checking defaults for PD1/pdf/m/n on input line 51.
LaTeX Font Info:    ... okay on input line 51.
LaTeX Font Info:    Checking defaults for PU/pdf/m/n on input line 51.
LaTeX Font Info:    ... okay on input line 51.

*geometry* detected driver: pdftex
*geometry* verbose mode - [ preamble ] result:
* driver: pdftex
* paper: letterpaper
* layout: <same size as paper>
* layoutoffset:(h,v)=(0.0pt,0.0pt)
* modes: 
* h-part:(L,W,R)=(72.26999pt, 469.75502pt, 72.26999pt)
* v-part:(T,H,B)=(72.26999pt, 650.43001pt, 72.26999pt)
* \paperwidth=614.295pt
* \paperheight=794.96999pt
* \textwidth=469.75502pt
* \textheight=650.43001pt
* \oddsidemargin=0.0pt
* \evensidemargin=0.0pt
* \topmargin=-37.0pt
* \headheight=12.0pt
* \headsep=25.0pt
* \topskip=10.0pt
* \footskip=30.0pt
* \marginparwidth=65.0pt
* \marginparsep=11.0pt
* \columnsep=10.0pt
* \skip\footins=9.0pt plus 4.0pt minus 2.0pt
* \hoffset=0.0pt
* \voffset=0.0pt
* \mag=1000
* \@twocolumnfalse
* \@twosidefalse
* \@mparswitchfalse
* \@reversemarginfalse
* (1in=72.27pt=25.4mm, 1cm=28.453pt)


Package fontspec Info: Adjusting the maths setup (use [no-math] to avoid
(fontspec)             this).

\symlegacymaths=\mathgroup4
LaTeX Font Info:    Overwriting symbol font `legacymaths' in version `bold'
(Font)                  OT1/cmr/m/n --> OT1/cmr/bx/n on input line 51.
LaTeX Font Info:    Redeclaring math accent \acute on input line 51.
LaTeX Font Info:    Redeclaring math accent \grave on input line 51.
LaTeX Font Info:    Redeclaring math accent \ddot on input line 51.
LaTeX Font Info:    Redeclaring math accent \tilde on input line 51.
LaTeX Font Info:    Redeclaring math accent \bar on input line 51.
LaTeX Font Info:    Redeclaring math accent \breve on input line 51.
LaTeX Font Info:    Redeclaring math accent \check on input line 51.
LaTeX Font Info:    Redeclaring math accent \hat on input line 51.
LaTeX Font Info:    Redeclaring math accent \dot on input line 51.
LaTeX Font Info:    Redeclaring math accent \mathring on input line 51.
LaTeX Font Info:    Redeclaring math symbol \colon on input line 51.
LaTeX Font Info:    Redeclaring math symbol \Gamma on input line 51.
LaTeX Font Info:    Redeclaring math symbol \Delta on input line 51.
LaTeX Font Info:    Redeclaring math symbol \Theta on input line 51.
LaTeX Font Info:    Redeclaring math symbol \Lambda on input line 51.
LaTeX Font Info:    Redeclaring math symbol \Xi on input line 51.
LaTeX Font Info:    Redeclaring math symbol \Pi on input line 51.
LaTeX Font Info:    Redeclaring math symbol \Sigma on input line 51.
LaTeX Font Info:    Redeclaring math symbol \Upsilon on input line 51.
LaTeX Font Info:    Redeclaring math symbol \Phi on input line 51.
LaTeX Font Info:    Redeclaring math symbol \Psi on input line 51.
LaTeX Font Info:    Redeclaring math symbol \Omega on input line 51.
LaTeX Font Info:    Redeclaring math symbol \mathdollar on input line 51.
LaTeX Font Info:    Redeclaring symbol font `operators' on input line 51.
LaTeX Font Info:    Encoding `OT1' has changed to `TU' for symbol font
(Font)              `operators' in the math version `normal' on input line 51.
LaTeX Font Info:    Overwriting symbol font `operators' in version `normal'
(Font)                  OT1/cmr/m/n --> TU/Fontin.otf(0)/m/n on input line 51.
LaTeX Font Info:    Encoding `OT1' has changed to `TU' for symbol font
(Font)              `operators' in the math version `bold' on input line 51.
LaTeX Font Info:    Overwriting symbol font `operators' in version `bold'
(Font)                  OT1/cmr/bx/n --> TU/Fontin.otf(0)/m/n on input line 51.

LaTeX Font Info:    Overwriting symbol font `operators' in version `normal'
(Font)                  TU/Fontin.otf(0)/m/n --> TU/Fontin.otf(0)/m/n on input 
line 51.
LaTeX Font Info:    Overwriting math alphabet `\mathit' in version `normal'
(Font)                  OT1/cmr/m/it --> TU/Fontin.otf(0)/m/it on input line 51
.
LaTeX Font Info:    Overwriting math alphabet `\mathbf' in version `normal'
(Font)                  OT1/cmr/bx/n --> TU/Fontin.otf(0)/b/n on input line 51.

LaTeX Font Info:    Overwriting math alphabet `\mathsf' in version `normal'
(Font)                  OT1/cmss/m/n --> TU/lmss/m/n on input line 51.
LaTeX Font Info:    Overwriting math alphabet `\mathtt' in version `normal'
(Font)                  OT1/cmtt/m/n --> TU/lmtt/m/n on input line 51.
LaTeX Font Info:    Overwriting symbol font `operators' in version `bold'
(Font)                  TU/Fontin.otf(0)/m/n --> TU/Fontin.otf(0)/b/n on input 
line 51.
LaTeX Font Info:    Overwriting math alphabet `\mathit' in version `bold'
(Font)                  OT1/cmr/bx/it --> TU/Fontin.otf(0)/b/it on input line 5
1.
LaTeX Font Info:    Overwriting math alphabet `\mathsf' in version `bold'
(Font)                  OT1/cmss/bx/n --> TU/lmss/b/n on input line 51.
LaTeX Font Info:    Overwriting math alphabet `\mathtt' in version `bold'
(Font)                  OT1/cmtt/m/n --> TU/lmtt/b/n on input line 51.
Package hyperref Info: Link coloring ON on input line 51.

(C:\Users\xmgba\AppData\Local\Programs\MiKTeX 2.9\tex/latex/hyperref\nameref.st
y
Package: nameref 2021-04-02 v2.47 Cross-referencing by name of section

(C:\Users\xmgba\AppData\Local\Programs\MiKTeX 2.9\tex/latex/refcount\refcount.s
ty
Package: refcount 2019/12/15 v3.6 Data extraction from label references (HO)
)
(C:\Users\xmgba\AppData\Local\Programs\MiKTeX 2.9\tex/generic/gettitlestring\ge
ttitlestring.sty
Package: gettitlestring 2019/12/15 v1.6 Cleanup title references (HO)
)
\c@section@level=\count285
)
LaTeX Info: Redefining \ref on input line 51.
LaTeX Info: Redefining \pageref on input line 51.
LaTeX Info: Redefining \nameref on input line 51.
 (cv_xmgbautista.out) (cv_xmgbautista.out)
\@outlinefile=\write3
\openout3 = `cv_xmgbautista.out'.

LaTeX Font Info:    External font `cmex10' loaded for size
(Font)              <7> on input line 83.
LaTeX Font Info:    External font `cmex10' loaded for size
(Font)              <5> on input line 83.
LaTeX Font Info:    External font `cmex10' loaded for size
(Font)              <9> on input line 173.
LaTeX Font Info:    External font `cmex10' loaded for size
(Font)              <6> on input line 173.
 [1

]

Package fontspec Info: Font family 'Fontin.otf(1)' created for font
(fontspec)             'Fontin.otf' with options
(fontspec)             [Mapping=tex-text,Ligatures=TeX,SmallCapsFont=Fontin-Sma
llCaps.otf].
(fontspec)              
(fontspec)              This font family consists of the following NFSS
(fontspec)             series/shapes:
(fontspec)              
(fontspec)             - 'normal' (m/n) with NFSS spec.:
(fontspec)             <->"[Fontin.otf]/OT:language=dflt;mapping=tex-text;"
(fontspec)             - 'small caps'  (m/sc) with NFSS spec.:
(fontspec)             <->"[Fontin-SmallCaps.otf]/OT:language=dflt;mapping=tex-
text;"

 [2]
Overfull \hbox (90.26996pt too wide) in paragraph at lines 264--271
[][] 
 []


Overfull \hbox (90.26996pt too wide) in paragraph at lines 273--280
[][] 
 []

[3] (cv_xmgbautista.aux)
Package rerunfilecheck Info: File `cv_xmgbautista.out' has not changed.
(rerunfilecheck)             Checksum: 56F83CED07796279A4F7120A9BA02879;1535.
 ) 
Here is how much of TeX's memory you used:
 15651 strings out of 411700
 277724 string characters out of 2835152
 639069 words of memory out of 3000000
 35477 multiletter control sequences out of 15000+200000
 405837 words of font info for 62 fonts, out of 3000000 for 9000
 1349 hyphenation exceptions out of 8191
 83i,10n,89p,1205b,361s stack positions out of 5000i,500n,10000p,200000b,50000s

Output written on cv_xmgbautista.pdf (3 pages).
